{"uid":"87beaa3c05b6b916","name":"User login with valid email and password","fullName":"tests.test_authorization#test_authorization","historyId":"0fe9f574c7e53950f1b659debdec3b52","time":{"start":1768990810709,"stop":1768990816857,"duration":6148},"status":"failed","statusMessage":"AssertionError: Locator expected to be visible\nActual value: <element(s) not found> \nCall log:\n  - Expect \"to_be_visible\" with timeout 5000ms\n  - waiting for locator(\"[data-qa='login-and-registration']\")","statusTrace":"catalog_page = <pages.catalog_page.CatalogPage object at 0x7f8cc74e3cb0>\n\n    @pytest.mark.regression\n    @allure.title('User login with valid email and password')\n    @allure.epic(AllureEpic.CONSUMER)\n    @allure.feature(AllureFeature.AUTHENTICATION)\n    @allure.story(AllureStory.AUTHORIZATION)\n    def test_authorization(catalog_page: CatalogPage):\n        catalog_page.visit(\"/\")\n>       catalog_page.check_visible_login_button()\n\ntests/test_authorization.py:17: \n_ _ _ _ _ _ _ _ _ _ _ _ _ _ _ _ _ _ _ _ _ _ _ _ _ _ _ _ _ _ _ _ _ _ _ _ _ _ _ _ \n\nself = <pages.catalog_page.CatalogPage object at 0x7f8cc74e3cb0>\n\n    def check_visible_login_button(self):\n        with allure.step('Checking that login button is visible'):\n>           expect(self.login_button).to_be_visible()\nE           AssertionError: Locator expected to be visible\nE           Actual value: <element(s) not found> \nE           Call log:\nE             - Expect \"to_be_visible\" with timeout 5000ms\nE             - waiting for locator(\"[data-qa='login-and-registration']\")\n\npages/catalog_page.py:51: AssertionError","flaky":false,"newFailed":false,"newBroken":false,"newPassed":false,"retriesCount":0,"retriesStatusChange":false,"beforeStages":[{"name":"base_url","time":{"start":1768990809682,"stop":1768990809682,"duration":0},"status":"passed","steps":[],"attachments":[],"parameters":[],"stepsCount":0,"shouldDisplayMessage":false,"attachmentsCount":0,"hasContent":false,"attachmentStep":false},{"name":"delete_output_dir","time":{"start":1768990809682,"stop":1768990809682,"duration":0},"status":"passed","steps":[],"attachments":[],"parameters":[],"stepsCount":0,"shouldDisplayMessage":false,"attachmentsCount":0,"hasContent":false,"attachmentStep":false},{"name":"pytestconfig","time":{"start":1768990809682,"stop":1768990809682,"duration":0},"status":"passed","steps":[],"attachments":[],"parameters":[],"stepsCount":0,"shouldDisplayMessage":false,"attachmentsCount":0,"hasContent":false,"attachmentStep":false},{"name":"_verify_url","time":{"start":1768990809682,"stop":1768990809682,"duration":0},"status":"passed","steps":[],"attachments":[],"parameters":[],"stepsCount":0,"shouldDisplayMessage":false,"attachmentsCount":0,"hasContent":false,"attachmentStep":false},{"name":"save_allure_environment_file","time":{"start":1768990809682,"stop":1768990809682,"duration":0},"status":"passed","steps":[],"attachments":[],"parameters":[],"stepsCount":0,"shouldDisplayMessage":false,"attachmentsCount":0,"hasContent":false,"attachmentStep":false},{"name":"playwright","time":{"start":1768990809683,"stop":1768990809974,"duration":291},"status":"passed","steps":[],"attachments":[],"parameters":[],"stepsCount":0,"shouldDisplayMessage":false,"attachmentsCount":0,"hasContent":false,"attachmentStep":false},{"name":"page","time":{"start":1768990809975,"stop":1768990810708,"duration":733},"status":"passed","steps":[],"attachments":[],"parameters":[],"stepsCount":0,"shouldDisplayMessage":false,"attachmentsCount":0,"hasContent":false,"attachmentStep":false},{"name":"catalog_page","time":{"start":1768990810708,"stop":1768990810708,"duration":0},"status":"passed","steps":[],"attachments":[],"parameters":[],"stepsCount":0,"shouldDisplayMessage":false,"attachmentsCount":0,"hasContent":false,"attachmentStep":false}],"testStage":{"status":"failed","statusMessage":"AssertionError: Locator expected to be visible\nActual value: <element(s) not found> \nCall log:\n  - Expect \"to_be_visible\" with timeout 5000ms\n  - waiting for locator(\"[data-qa='login-and-registration']\")","statusTrace":"catalog_page = <pages.catalog_page.CatalogPage object at 0x7f8cc74e3cb0>\n\n    @pytest.mark.regression\n    @allure.title('User login with valid email and password')\n    @allure.epic(AllureEpic.CONSUMER)\n    @allure.feature(AllureFeature.AUTHENTICATION)\n    @allure.story(AllureStory.AUTHORIZATION)\n    def test_authorization(catalog_page: CatalogPage):\n        catalog_page.visit(\"/\")\n>       catalog_page.check_visible_login_button()\n\ntests/test_authorization.py:17: \n_ _ _ _ _ _ _ _ _ _ _ _ _ _ _ _ _ _ _ _ _ _ _ _ _ _ _ _ _ _ _ _ _ _ _ _ _ _ _ _ \n\nself = <pages.catalog_page.CatalogPage object at 0x7f8cc74e3cb0>\n\n    def check_visible_login_button(self):\n        with allure.step('Checking that login button is visible'):\n>           expect(self.login_button).to_be_visible()\nE           AssertionError: Locator expected to be visible\nE           Actual value: <element(s) not found> \nE           Call log:\nE             - Expect \"to_be_visible\" with timeout 5000ms\nE             - waiting for locator(\"[data-qa='login-and-registration']\")\n\npages/catalog_page.py:51: AssertionError","steps":[{"name":"Opening the url \"/\"","time":{"start":1768990810709,"stop":1768990811851,"duration":1142},"status":"passed","steps":[],"attachments":[],"parameters":[],"stepsCount":0,"shouldDisplayMessage":false,"attachmentsCount":0,"hasContent":false,"attachmentStep":false},{"name":"Checking that login button is visible","time":{"start":1768990811851,"stop":1768990816856,"duration":5005},"status":"failed","statusMessage":"AssertionError: Locator expected to be visible\nActual value: <element(s) not found> \nCall log:\n  - Expect \"to_be_visible\" with timeout 5000ms\n  - waiting for locator(\"[data-qa='login-and-registration']\")\n\n","statusTrace":"  File \"/home/runner/work/showcase-ui/showcase-ui/pages/catalog_page.py\", line 51, in check_visible_login_button\n    expect(self.login_button).to_be_visible()\n    ~~~~~~~~~~~~~~~~~~~~~~~~~~~~~~~~~~~~~~~^^\n  File \"/opt/hostedtoolcache/Python/3.13.11/x64/lib/python3.13/site-packages/playwright/sync_api/_generated.py\", line 20424, in to_be_visible\n    self._sync(self._impl_obj.to_be_visible(visible=visible, timeout=timeout))\n    ~~~~~~~~~~^^^^^^^^^^^^^^^^^^^^^^^^^^^^^^^^^^^^^^^^^^^^^^^^^^^^^^^^^^^^^^^^\n  File \"/opt/hostedtoolcache/Python/3.13.11/x64/lib/python3.13/site-packages/playwright/_impl/_sync_base.py\", line 115, in _sync\n    return task.result()\n           ~~~~~~~~~~~^^\n  File \"/opt/hostedtoolcache/Python/3.13.11/x64/lib/python3.13/site-packages/playwright/_impl/_assertions.py\", line 763, in to_be_visible\n    await self._expect_impl(\n    ...<5 lines>...\n    )\n  File \"/opt/hostedtoolcache/Python/3.13.11/x64/lib/python3.13/site-packages/playwright/_impl/_assertions.py\", line 83, in _expect_impl\n    raise AssertionError(\n        f\"{out_message}\\nActual value: {actual} {format_call_log(result.get('log'))}\"\n    )\n","steps":[],"attachments":[],"parameters":[],"stepsCount":0,"shouldDisplayMessage":true,"attachmentsCount":0,"hasContent":true,"attachmentStep":false}],"attachments":[],"parameters":[],"stepsCount":2,"shouldDisplayMessage":true,"attachmentsCount":0,"hasContent":true,"attachmentStep":false},"afterStages":[{"name":"page::0","time":{"start":1768990816882,"stop":1768990816950,"duration":68},"status":"passed","steps":[],"attachments":[{"uid":"69d0e46c1f80eaf6","name":"trace","source":"69d0e46c1f80eaf6.zip","type":"application/zip","size":106519},{"uid":"f3c59fec249ab940","name":"video","source":"f3c59fec249ab940.webm","type":"video/webm","size":0}],"parameters":[],"stepsCount":0,"shouldDisplayMessage":false,"attachmentsCount":2,"hasContent":true,"attachmentStep":false},{"name":"playwright::0","time":{"start":1768990942155,"stop":1768990942186,"duration":31},"status":"passed","steps":[],"attachments":[],"parameters":[],"stepsCount":0,"shouldDisplayMessage":false,"attachmentsCount":0,"hasContent":false,"attachmentStep":false},{"name":"save_allure_environment_file::0","time":{"start":1768990942186,"stop":1768990942186,"duration":0},"status":"passed","steps":[],"attachments":[],"parameters":[],"stepsCount":0,"shouldDisplayMessage":false,"attachmentsCount":0,"hasContent":false,"attachmentStep":false}],"labels":[{"name":"epic","value":"Consumer site"},{"name":"story","value":"Authorization"},{"name":"feature","value":"Authentication"},{"name":"tag","value":"regression"},{"name":"parentSuite","value":"tests"},{"name":"suite","value":"test_authorization"},{"name":"host","value":"runnervmmtnos"},{"name":"thread","value":"5403-MainThread"},{"name":"framework","value":"pytest"},{"name":"language","value":"cpython3"},{"name":"package","value":"tests.test_authorization"},{"name":"resultFormat","value":"allure2"}],"parameters":[{"name":"page","value":"'Browser.CHROMIUM'"}],"links":[],"hidden":false,"retry":false,"extra":{"severity":"normal","retries":[],"categories":[{"name":"Product defects","matchedStatuses":[],"flaky":false}],"history":{"statistic":{"failed":2,"broken":0,"skipped":0,"passed":0,"unknown":0,"total":2},"items":[{"uid":"f96d5f230963ab76","reportUrl":"https://uberflashx.github.io/showcase-ui/5/#testresult/f96d5f230963ab76","status":"failed","statusDetails":"AssertionError: Locator expected to be visible\nActual value: <element(s) not found> \nCall log:\n  - Expect \"to_be_visible\" with timeout 5000ms\n  - waiting for locator(\"[data-qa='login-and-registration']\")","time":{"start":1768213994304,"stop":1768214001619,"duration":7315}}]},"tags":["regression"]},"source":"87beaa3c05b6b916.json","parameterValues":["'Browser.CHROMIUM'"]}