{"uid":"f96d5f230963ab76","name":"User login with valid email and password","fullName":"tests.test_authorization#test_authorization","historyId":"0fe9f574c7e53950f1b659debdec3b52","time":{"start":1768213994304,"stop":1768214001619,"duration":7315},"status":"failed","statusMessage":"AssertionError: Locator expected to be visible\nActual value: <element(s) not found> \nCall log:\n  - Expect \"to_be_visible\" with timeout 5000ms\n  - waiting for locator(\"[data-qa='login-and-registration']\")","statusTrace":"catalog_page = <pages.catalog_page.CatalogPage object at 0x7fcef91a7b60>\n\n    @pytest.mark.regression\n    @allure.title('User login with valid email and password')\n    @allure.epic(AllureEpic.CONSUMER)\n    @allure.feature(AllureFeature.AUTHENTICATION)\n    @allure.story(AllureStory.AUTHORIZATION)\n    def test_authorization(catalog_page: CatalogPage):\n        catalog_page.visit(\"/\")\n>       catalog_page.check_visible_login_button()\n\ntests/test_authorization.py:17: \n_ _ _ _ _ _ _ _ _ _ _ _ _ _ _ _ _ _ _ _ _ _ _ _ _ _ _ _ _ _ _ _ _ _ _ _ _ _ _ _ \n\nself = <pages.catalog_page.CatalogPage object at 0x7fcef91a7b60>\n\n    def check_visible_login_button(self):\n        with allure.step('Checking that login button is visible'):\n>           expect(self.login_button).to_be_visible()\nE           AssertionError: Locator expected to be visible\nE           Actual value: <element(s) not found> \nE           Call log:\nE             - Expect \"to_be_visible\" with timeout 5000ms\nE             - waiting for locator(\"[data-qa='login-and-registration']\")\n\npages/catalog_page.py:51: AssertionError","flaky":false,"newFailed":false,"newBroken":false,"newPassed":false,"retriesCount":0,"retriesStatusChange":false,"beforeStages":[{"name":"_verify_url","time":{"start":1768213993700,"stop":1768213993700,"duration":0},"status":"passed","steps":[],"attachments":[],"parameters":[],"stepsCount":0,"shouldDisplayMessage":false,"attachmentsCount":0,"hasContent":false,"attachmentStep":false},{"name":"base_url","time":{"start":1768213993700,"stop":1768213993700,"duration":0},"status":"passed","steps":[],"attachments":[],"parameters":[],"stepsCount":0,"shouldDisplayMessage":false,"attachmentsCount":0,"hasContent":false,"attachmentStep":false},{"name":"playwright","time":{"start":1768213993701,"stop":1768213994013,"duration":312},"status":"passed","steps":[],"attachments":[],"parameters":[],"stepsCount":0,"shouldDisplayMessage":false,"attachmentsCount":0,"hasContent":false,"attachmentStep":false},{"name":"delete_output_dir","time":{"start":1768213993701,"stop":1768213993701,"duration":0},"status":"passed","steps":[],"attachments":[],"parameters":[],"stepsCount":0,"shouldDisplayMessage":false,"attachmentsCount":0,"hasContent":false,"attachmentStep":false},{"name":"pytestconfig","time":{"start":1768213993701,"stop":1768213993701,"duration":0},"status":"passed","steps":[],"attachments":[],"parameters":[],"stepsCount":0,"shouldDisplayMessage":false,"attachmentsCount":0,"hasContent":false,"attachmentStep":false},{"name":"save_allure_environment_file","time":{"start":1768213993701,"stop":1768213993701,"duration":0},"status":"passed","steps":[],"attachments":[],"parameters":[],"stepsCount":0,"shouldDisplayMessage":false,"attachmentsCount":0,"hasContent":false,"attachmentStep":false},{"name":"page","time":{"start":1768213994013,"stop":1768213994303,"duration":290},"status":"passed","steps":[],"attachments":[],"parameters":[],"stepsCount":0,"shouldDisplayMessage":false,"attachmentsCount":0,"hasContent":false,"attachmentStep":false},{"name":"catalog_page","time":{"start":1768213994303,"stop":1768213994303,"duration":0},"status":"passed","steps":[],"attachments":[],"parameters":[],"stepsCount":0,"shouldDisplayMessage":false,"attachmentsCount":0,"hasContent":false,"attachmentStep":false}],"testStage":{"status":"failed","statusMessage":"AssertionError: Locator expected to be visible\nActual value: <element(s) not found> \nCall log:\n  - Expect \"to_be_visible\" with timeout 5000ms\n  - waiting for locator(\"[data-qa='login-and-registration']\")","statusTrace":"catalog_page = <pages.catalog_page.CatalogPage object at 0x7fcef91a7b60>\n\n    @pytest.mark.regression\n    @allure.title('User login with valid email and password')\n    @allure.epic(AllureEpic.CONSUMER)\n    @allure.feature(AllureFeature.AUTHENTICATION)\n    @allure.story(AllureStory.AUTHORIZATION)\n    def test_authorization(catalog_page: CatalogPage):\n        catalog_page.visit(\"/\")\n>       catalog_page.check_visible_login_button()\n\ntests/test_authorization.py:17: \n_ _ _ _ _ _ _ _ _ _ _ _ _ _ _ _ _ _ _ _ _ _ _ _ _ _ _ _ _ _ _ _ _ _ _ _ _ _ _ _ \n\nself = <pages.catalog_page.CatalogPage object at 0x7fcef91a7b60>\n\n    def check_visible_login_button(self):\n        with allure.step('Checking that login button is visible'):\n>           expect(self.login_button).to_be_visible()\nE           AssertionError: Locator expected to be visible\nE           Actual value: <element(s) not found> \nE           Call log:\nE             - Expect \"to_be_visible\" with timeout 5000ms\nE             - waiting for locator(\"[data-qa='login-and-registration']\")\n\npages/catalog_page.py:51: AssertionError","steps":[{"name":"Opening the url \"/\"","time":{"start":1768213994304,"stop":1768213996611,"duration":2307},"status":"passed","steps":[],"attachments":[],"parameters":[],"stepsCount":0,"shouldDisplayMessage":false,"attachmentsCount":0,"hasContent":false,"attachmentStep":false},{"name":"Checking that login button is visible","time":{"start":1768213996611,"stop":1768214001618,"duration":5007},"status":"failed","statusMessage":"AssertionError: Locator expected to be visible\nActual value: <element(s) not found> \nCall log:\n  - Expect \"to_be_visible\" with timeout 5000ms\n  - waiting for locator(\"[data-qa='login-and-registration']\")\n\n","statusTrace":"  File \"/home/runner/work/showcase-ui/showcase-ui/pages/catalog_page.py\", line 51, in check_visible_login_button\n    expect(self.login_button).to_be_visible()\n    ~~~~~~~~~~~~~~~~~~~~~~~~~~~~~~~~~~~~~~~^^\n  File \"/opt/hostedtoolcache/Python/3.13.11/x64/lib/python3.13/site-packages/playwright/sync_api/_generated.py\", line 20424, in to_be_visible\n    self._sync(self._impl_obj.to_be_visible(visible=visible, timeout=timeout))\n    ~~~~~~~~~~^^^^^^^^^^^^^^^^^^^^^^^^^^^^^^^^^^^^^^^^^^^^^^^^^^^^^^^^^^^^^^^^\n  File \"/opt/hostedtoolcache/Python/3.13.11/x64/lib/python3.13/site-packages/playwright/_impl/_sync_base.py\", line 115, in _sync\n    return task.result()\n           ~~~~~~~~~~~^^\n  File \"/opt/hostedtoolcache/Python/3.13.11/x64/lib/python3.13/site-packages/playwright/_impl/_assertions.py\", line 763, in to_be_visible\n    await self._expect_impl(\n    ...<5 lines>...\n    )\n  File \"/opt/hostedtoolcache/Python/3.13.11/x64/lib/python3.13/site-packages/playwright/_impl/_assertions.py\", line 83, in _expect_impl\n    raise AssertionError(\n        f\"{out_message}\\nActual value: {actual} {format_call_log(result.get('log'))}\"\n    )\n","steps":[],"attachments":[],"parameters":[],"stepsCount":0,"shouldDisplayMessage":true,"attachmentsCount":0,"hasContent":true,"attachmentStep":false}],"attachments":[],"parameters":[],"stepsCount":2,"shouldDisplayMessage":true,"attachmentsCount":0,"hasContent":true,"attachmentStep":false},"afterStages":[{"name":"page::0","time":{"start":1768214001624,"stop":1768214001691,"duration":67},"status":"passed","steps":[],"attachments":[{"uid":"b8cf49c4c578822e","name":"trace","source":"b8cf49c4c578822e.zip","type":"application/zip","size":105201},{"uid":"674e33e6f33c75ee","name":"video","source":"674e33e6f33c75ee.webm","type":"video/webm","size":0}],"parameters":[],"stepsCount":0,"shouldDisplayMessage":false,"attachmentsCount":2,"hasContent":true,"attachmentStep":false},{"name":"playwright::0","time":{"start":1768214064325,"stop":1768214064360,"duration":35},"status":"passed","steps":[],"attachments":[],"parameters":[],"stepsCount":0,"shouldDisplayMessage":false,"attachmentsCount":0,"hasContent":false,"attachmentStep":false},{"name":"save_allure_environment_file::0","time":{"start":1768214064360,"stop":1768214064361,"duration":1},"status":"passed","steps":[],"attachments":[],"parameters":[],"stepsCount":0,"shouldDisplayMessage":false,"attachmentsCount":0,"hasContent":false,"attachmentStep":false}],"labels":[{"name":"story","value":"Authorization"},{"name":"feature","value":"Authentication"},{"name":"epic","value":"Consumer site"},{"name":"tag","value":"regression"},{"name":"parentSuite","value":"tests"},{"name":"suite","value":"test_authorization"},{"name":"host","value":"runnervmi13qx"},{"name":"thread","value":"5403-MainThread"},{"name":"framework","value":"pytest"},{"name":"language","value":"cpython3"},{"name":"package","value":"tests.test_authorization"},{"name":"resultFormat","value":"allure2"}],"parameters":[{"name":"page","value":"'Browser.CHROMIUM'"}],"links":[],"hidden":false,"retry":false,"extra":{"severity":"normal","retries":[],"categories":[{"name":"Product defects","matchedStatuses":[],"flaky":false}],"tags":["regression"]},"source":"f96d5f230963ab76.json","parameterValues":["'Browser.CHROMIUM'"]}